15:10:26 **** Incremental Build of configuration Debug for project FinalProject_MC2 ****
make all 
Building file: ../CONTROL_ECU.c
Invoking: AVR Compiler
avr-gcc -Wall -g2 -gstabs -O0 -fpack-struct -fshort-enums -ffunction-sections -fdata-sections -std=gnu99 -funsigned-char -funsigned-bitfields -mmcu=atmega32 -DF_CPU=8000000UL -MMD -MP -MF"CONTROL_ECU.d" -MT"CONTROL_ECU.o" -c -o "CONTROL_ECU.o" "../CONTROL_ECU.c"
In file included from ../CONTROL_func.h:16,
                 from ../CONTROL_ECU.c:13:
c:/winavr-20100110/lib/gcc/../../avr/include/util/delay.h:90:3: warning: #warning "Compiler optimizations disabled; functions from <util/delay.h> won't work as designed"
Finished building: ../CONTROL_ECU.c
 
Building file: ../CONTROL_func.c
Invoking: AVR Compiler
avr-gcc -Wall -g2 -gstabs -O0 -fpack-struct -fshort-enums -ffunction-sections -fdata-sections -std=gnu99 -funsigned-char -funsigned-bitfields -mmcu=atmega32 -DF_CPU=8000000UL -MMD -MP -MF"CONTROL_func.d" -MT"CONTROL_func.o" -c -o "CONTROL_func.o" "../CONTROL_func.c"
In file included from ../CONTROL_func.h:16,
                 from ../CONTROL_func.c:12:
c:/winavr-20100110/lib/gcc/../../avr/include/util/delay.h:90:3: warning: #warning "Compiler optimizations disabled; functions from <util/delay.h> won't work as designed"
Finished building: ../CONTROL_func.c
 
Building target: FinalProject_MC2.elf
Invoking: AVR C Linker
avr-gcc -Wl,-Map,FinalProject_MC2.map -mmcu=atmega32 -o "FinalProject_MC2.elf"  ./CONTROL_ECU.o ./CONTROL_func.o ./buzzer.o ./dc_motor.o ./external_eeprom.o ./gpio.o ./timer1.o ./twi.o ./uart.o   
Finished building target: FinalProject_MC2.elf
 
Invoking: AVR Create Extended Listing
avr-objdump -h -S FinalProject_MC2.elf  >"FinalProject_MC2.lss"
Finished building: FinalProject_MC2.lss
 
Invoking: Print Size
avr-size --format=avr --mcu=atmega32 FinalProject_MC2.elf
AVR Memory Usage
----------------
Device: atmega32

Program:    9272 bytes (28.3% Full)
(.text + .data + .bootloader)

Data:        314 bytes (15.3% Full)
(.data + .bss + .noinit)


Finished building: sizedummy
 

15:10:27 Build Finished. 0 errors, 2 warnings. (took 813ms)

